<?xml version="1.0" encoding="UTF-8"?>
<!-- Generated by org.testng.reporters.JUnitReportReporter -->
<testsuite hostname="LAPTOP-VNDBH34P" failures="0" tests="1" name="selemaven.WorkingwithActions" time="6.594" errors="0" timestamp="2025-05-20T15:03:50 IST" skipped="0">
  <testcase classname="selemaven.WorkingwithActions" name="actions" time="6.594"/>
</testsuite> <!-- selemaven.WorkingwithActions -->
