<?xml version="1.0" encoding="UTF-8"?>
<!-- Generated by org.testng.reporters.JUnitReportReporter -->
<testsuite hostname="LAPTOP-VNDBH34P" failures="0" tests="1" name="selemaven.GetInfo_DDTPrg" time="39.988" errors="0" timestamp="2025-05-17T11:52:53 IST" skipped="0">
  <testcase classname="selemaven.GetInfo_DDTPrg" name="getprdTest" time="39.988"/>
</testsuite> <!-- selemaven.GetInfo_DDTPrg -->
