<?xml version="1.0" encoding="UTF-8"?>
<!-- Generated by org.testng.reporters.JUnitReportReporter -->
<testsuite hostname="LAPTOP-VNDBH34P" failures="0" tests="1" name="selemaven.ConfigrationTestannotation" time="0.008" errors="0" timestamp="2025-05-17T13:48:34 IST" skipped="0">
  <testcase classname="selemaven.ConfigrationTestannotation" name="createCont" time="0.008"/>
</testsuite> <!-- selemaven.ConfigrationTestannotation -->
