<?xml version="1.0" encoding="UTF-8"?>
<!-- Generated by org.testng.reporters.JUnitReportReporter -->
<testsuite hostname="LAPTOP-VNDBH34P" failures="0" tests="1" name="selemaven.Autohealing" time="11.026" errors="0" timestamp="2025-05-15T14:45:00 IST" skipped="0">
  <testcase classname="selemaven.Autohealing" name="sample" time="11.026"/>
</testsuite> <!-- selemaven.Autohealing -->
