<?xml version="1.0" encoding="UTF-8"?>
<!-- Generated by org.testng.reporters.JUnitReportReporter -->
<testsuite hostname="LAPTOP-VNDBH34P" failures="0" tests="1" name="firstOne.Practice_FirstOne" time="0.020" errors="0" timestamp="2025-06-02T12:52:33 IST" skipped="0">
  <testcase classname="firstOne.Practice_FirstOne" name="practiceGit" time="0.020"/>
</testsuite> <!-- firstOne.Practice_FirstOne -->
