<?xml version="1.0" encoding="UTF-8"?>
<!-- Generated by org.testng.reporters.JUnitReportReporter -->
<testsuite hostname="LAPTOP-VNDBH34P" failures="0" tests="1" name="IRCTC.Irctc_Project" time="31.981" errors="0" timestamp="2025-06-17T22:28:06 IST" skipped="0">
  <testcase classname="IRCTC.Irctc_Project" name="irctcTest" time="31.981"/>
</testsuite> <!-- IRCTC.Irctc_Project -->
